<?xml version="1.0" encoding="UTF-8"?>
<!-- Generated by org.testng.reporters.JUnitReportReporter -->
<testsuite skipped="0" hostname="DEL-5FY5XS2" name="apiRequests.Delete_Request" tests="1" failures="0" timestamp="2019-12-11T22:54:05 IST" time="1.677" errors="0">
  <testcase name="postData" time="1.677" classname="apiRequests.Delete_Request"/>
</testsuite> <!-- apiRequests.Delete_Request -->
