<?xml version="1.0" encoding="UTF-8"?>
<!-- Generated by org.testng.reporters.JUnitReportReporter -->
<testsuite skipped="0" hostname="DEL-5FY5XS2" name="getRequest.GetData" tests="3" failures="0" timestamp="2019-12-11T19:27:23 IST" time="5.231" errors="0">
  <testcase name="testData" time="1.451" classname="getRequest.GetData"/>
  <testcase name="testResponseCode" time="0.864" classname="getRequest.GetData"/>
  <testcase name="anotherWayWritingCode" time="2.916" classname="getRequest.GetData"/>
</testsuite> <!-- getRequest.GetData -->
