<?xml version="1.0" encoding="UTF-8"?>
<!-- Generated by org.testng.reporters.JUnitReportReporter -->
<testsuite skipped="0" hostname="DEL-5FY5XS2" name="apiRequests.GetData" tests="2" failures="0" timestamp="2020-05-12T12:12:30 IST" time="1.978" errors="0">
  <testcase name="sequence" time="0.144" classname="apiRequests.GetData"/>
  <testcase name="givenGetData" time="1.834" classname="apiRequests.GetData"/>
</testsuite> <!-- apiRequests.GetData -->
