<?xml version="1.0" encoding="UTF-8"?>
<!-- Generated by org.testng.reporters.JUnitReportReporter -->
<testsuite skipped="0" hostname="DEL-5FY5XS2" name="apiRequests.Put_Request" tests="1" failures="0" timestamp="2019-12-11T22:53:27 IST" time="1.835" errors="0">
  <testcase name="putData" time="1.835" classname="apiRequests.Put_Request"/>
</testsuite> <!-- apiRequests.Put_Request -->
